<?xml version="1.0" encoding="UTF-8"?>
<testng-results skipped="0" failed="0" total="1" passed="1">
  <reporter-output>
  </reporter-output>
  <suite name="Default suite" duration-ms="65586" started-at="2019-08-25T07:17:21Z" finished-at="2019-08-25T07:18:27Z">
    <groups>
    </groups>
    <test name="Default test" duration-ms="65586" started-at="2019-08-25T07:17:21Z" finished-at="2019-08-25T07:18:27Z">
      <class name="testcases.verifylogin">
        <test-method status="PASS" signature="loginTest()[pri:0, instance:testcases.verifylogin@3551a94]" name="loginTest" duration-ms="65559" started-at="2019-08-25T12:47:21Z" finished-at="2019-08-25T12:48:27Z">
          <reporter-output>
          </reporter-output>
        </test-method> <!-- loginTest -->
      </class> <!-- testcases.verifylogin -->
    </test> <!-- Default test -->
  </suite> <!-- Default suite -->
</testng-results>
